<?xml version="1.0" encoding="UTF-8"?>
<!-- Generated by org.testng.reporters.JUnitReportReporter -->
<testsuite hostname="DESKTOP-616A99I" name="TestNG.PasswordResetTC" tests="6" failures="0" timestamp="23 Mar 2017 19:53:21 GMT" time="12.249" errors="0">
  <testcase name="deleteAccount" time="5.837" classname="TestNG.PasswordResetTC"/>
  <testcase name="changePassword" time="0.654" classname="TestNG.PasswordResetTC"/>
  <testcase name="loginAfterPwdChange" time="0.673" classname="TestNG.PasswordResetTC"/>
  <testcase name="loginWithGivenCredentials" time="1.826" classname="TestNG.PasswordResetTC"/>
  <testcase name="miniStatementCheck" time="1.016" classname="TestNG.PasswordResetTC"/>
  <testcase name="addCustomer" time="2.243" classname="TestNG.PasswordResetTC"/>
</testsuite> <!-- TestNG.PasswordResetTC -->
