<?xml version="1.0" encoding="UTF-8"?>
<!-- Generated by org.testng.reporters.JUnitReportReporter -->
<testsuite hostname="DESKTOP-616A99I" name="TestNG.PasswordResetTC" tests="6" failures="0" timestamp="22 Mar 2017 15:08:08 GMT" time="11.951" errors="0">
  <testcase name="deleteAccount" time="5.672" classname="TestNG.PasswordResetTC"/>
  <testcase name="changePassword" time="0.710" classname="TestNG.PasswordResetTC"/>
  <testcase name="loginAfterPwdChange" time="0.764" classname="TestNG.PasswordResetTC"/>
  <testcase name="loginWithGivenCredentials" time="1.658" classname="TestNG.PasswordResetTC"/>
  <testcase name="miniStatementCheck" time="0.992" classname="TestNG.PasswordResetTC"/>
  <testcase name="addCustomer" time="2.155" classname="TestNG.PasswordResetTC"/>
</testsuite> <!-- TestNG.PasswordResetTC -->
