<?xml version="1.0" encoding="UTF-8"?>
<!-- Generated by org.testng.reporters.JUnitReportReporter -->
<testsuite hostname="DESKTOP-616A99I" name="TestNG.NewTest" tests="4" failures="0" timestamp="28 Feb 2017 20:24:11 GMT" time="63.493" errors="0">
  <testcase name="testcase" time="15.659" classname="TestNG.NewTest"/>
  <testcase name="testcase" time="15.284" classname="TestNG.NewTest"/>
  <testcase name="testcase" time="15.467" classname="TestNG.NewTest"/>
  <testcase name="testcase" time="17.083" classname="TestNG.NewTest"/>
</testsuite> <!-- TestNG.NewTest -->
