<?xml version="1.0" encoding="UTF-8"?>
<!-- Generated by org.testng.reporters.JUnitReportReporter -->
<testsuite hostname="DESKTOP-616A99I" name="TestNG.PasswordResetTC" tests="6" failures="0" timestamp="22 Mar 2017 15:06:57 GMT" time="12.643" errors="0">
  <testcase name="miniStatementCheck" time="1.010" classname="TestNG.PasswordResetTC"/>
  <testcase name="addCustomer" time="2.268" classname="TestNG.PasswordResetTC"/>
  <testcase name="changePassword" time="0.667" classname="TestNG.PasswordResetTC"/>
  <testcase name="deleteAccount" time="5.953" classname="TestNG.PasswordResetTC"/>
  <testcase name="loginWithGivenCredentials" time="2.113" classname="TestNG.PasswordResetTC"/>
  <testcase name="loginAfterPwdChange" time="0.632" classname="TestNG.PasswordResetTC"/>
</testsuite> <!-- TestNG.PasswordResetTC -->
