<?xml version="1.0" encoding="UTF-8"?>
<!-- Generated by org.testng.reporters.JUnitReportReporter -->
<testsuite hostname="DESKTOP-616A99I" name="TestNG.FirefoxLoginUsingDataProvider" tests="4" failures="0" timestamp="23 Mar 2017 19:50:20 GMT" time="92.054" errors="0">
  <testcase name="testcaseFirefox" time="33.048" classname="TestNG.FirefoxLoginUsingDataProvider"/>
  <testcase name="testcaseFirefox" time="20.539" classname="TestNG.FirefoxLoginUsingDataProvider"/>
  <testcase name="testcaseFirefox" time="18.536" classname="TestNG.FirefoxLoginUsingDataProvider"/>
  <testcase name="testcaseFirefox" time="19.931" classname="TestNG.FirefoxLoginUsingDataProvider"/>
</testsuite> <!-- TestNG.FirefoxLoginUsingDataProvider -->
