<?xml version="1.0" encoding="UTF-8"?>
<!-- Generated by org.testng.reporters.JUnitReportReporter -->
<testsuite name="TestNG.Util" tests="1" time="0.926" ignored="0" failures="0" timestamp="28 Feb 2017 00:06:13 GMT" skipped="0" hostname="DESKTOP-616A99I" errors="0">
  <testcase name="creatingReport" time="0.926" classname="TestNG.Util"/>
</testsuite> <!-- TestNG.Util -->
