<?xml version="1.0" encoding="UTF-8"?>
<!-- Generated by org.testng.reporters.JUnitReportReporter -->
<testsuite name="TestNG.ChromeLoginUsingDataDriven" tests="4" time="19.411" ignored="0" failures="0" timestamp="01 Mar 2017 04:39:24 GMT" skipped="0" hostname="DESKTOP-616A99I" errors="0">
  <testcase name="loginVerifyUsingExcelData" time="4.395" classname="TestNG.ChromeLoginUsingDataDriven"/>
  <testcase name="loginVerifyUsingExcelData" time="5.797" classname="TestNG.ChromeLoginUsingDataDriven"/>
  <testcase name="loginVerifyUsingExcelData" time="4.744" classname="TestNG.ChromeLoginUsingDataDriven"/>
  <testcase name="loginVerifyUsingExcelData" time="4.475" classname="TestNG.ChromeLoginUsingDataDriven"/>
</testsuite> <!-- TestNG.ChromeLoginUsingDataDriven -->
