<?xml version="1.0" encoding="UTF-8"?>
<!-- Generated by org.testng.reporters.JUnitReportReporter -->
<testsuite name="TestNG.PasswordResetTC" tests="6" time="12.508" ignored="0" failures="0" timestamp="10 Mar 2017 02:11:37 GMT" skipped="0" hostname="DESKTOP-616A99I" errors="0">
  <testcase name="loginWithGivenCredentials" time="1.793" classname="TestNG.PasswordResetTC"/>
  <testcase name="addCustomer" time="2.521" classname="TestNG.PasswordResetTC"/>
  <testcase name="miniStatementCheck" time="0.773" classname="TestNG.PasswordResetTC"/>
  <testcase name="changePassword" time="0.871" classname="TestNG.PasswordResetTC"/>
  <testcase name="deleteAccount" time="5.859" classname="TestNG.PasswordResetTC"/>
  <testcase name="loginAfterPwdChange" time="0.691" classname="TestNG.PasswordResetTC"/>
</testsuite> <!-- TestNG.PasswordResetTC -->
