<?xml version="1.0" encoding="UTF-8"?>
<!-- Generated by org.testng.reporters.JUnitReportReporter -->
<testsuite name="TestNG.NewTest" tests="4" time="57.130" ignored="0" failures="0" timestamp="28 Feb 2017 20:33:30 GMT" skipped="0" hostname="DESKTOP-616A99I" errors="0">
  <testcase name="testcase" time="14.252" classname="TestNG.NewTest"/>
  <testcase name="testcase" time="15.265" classname="TestNG.NewTest"/>
  <testcase name="testcase" time="13.509" classname="TestNG.NewTest"/>
  <testcase name="testcase" time="14.104" classname="TestNG.NewTest"/>
</testsuite> <!-- TestNG.NewTest -->
