<?xml version="1.0" encoding="UTF-8"?>
<!-- Generated by org.testng.reporters.JUnitReportReporter -->
<testsuite name="TestNG.FirefoxLoginUsingDataProvider" tests="4" time="63.209" ignored="0" failures="0" timestamp="02 Mar 2017 04:27:49 GMT" skipped="0" hostname="DESKTOP-616A99I" errors="0">
  <testcase name="testcaseFirefox" time="14.759" classname="TestNG.FirefoxLoginUsingDataProvider"/>
  <testcase name="testcaseFirefox" time="13.672" classname="TestNG.FirefoxLoginUsingDataProvider"/>
  <testcase name="testcaseFirefox" time="14.602" classname="TestNG.FirefoxLoginUsingDataProvider"/>
  <testcase name="testcaseFirefox" time="20.176" classname="TestNG.FirefoxLoginUsingDataProvider"/>
</testsuite> <!-- TestNG.FirefoxLoginUsingDataProvider -->
