<?xml version="1.0" encoding="UTF-8"?>
<!-- Generated by org.testng.reporters.JUnitReportReporter -->
<testsuite name="TestNG.FirefoxLoginUsingDataProvider" tests="4" time="79.289" ignored="0" failures="0" timestamp="01 Mar 2017 04:39:24 GMT" skipped="0" hostname="DESKTOP-616A99I" errors="0">
  <testcase name="testcaseFirefox" time="18.856" classname="TestNG.FirefoxLoginUsingDataProvider"/>
  <testcase name="testcaseFirefox" time="15.267" classname="TestNG.FirefoxLoginUsingDataProvider"/>
  <testcase name="testcaseFirefox" time="15.879" classname="TestNG.FirefoxLoginUsingDataProvider"/>
  <testcase name="testcaseFirefox" time="29.287" classname="TestNG.FirefoxLoginUsingDataProvider"/>
</testsuite> <!-- TestNG.FirefoxLoginUsingDataProvider -->
