<?xml version="1.0" encoding="UTF-8"?>
<!-- Generated by org.testng.reporters.JUnitReportReporter -->
<testsuite name="TestNG.NewTest" tests="4" time="61.180" ignored="0" failures="0" timestamp="28 Feb 2017 05:02:37 GMT" skipped="0" hostname="DESKTOP-616A99I" errors="0">
  <testcase name="testcase" time="14.956" classname="TestNG.NewTest"/>
  <testcase name="testcase" time="15.196" classname="TestNG.NewTest"/>
  <testcase name="testcase" time="14.305" classname="TestNG.NewTest"/>
  <testcase name="testcase" time="16.723" classname="TestNG.NewTest"/>
</testsuite> <!-- TestNG.NewTest -->
