<?xml version="1.0" encoding="UTF-8"?>
<!-- Generated by org.testng.reporters.JUnitReportReporter -->
<testsuite name="TestNG.ChromeLoginUsingDataDriven" tests="4" time="19.373" ignored="0" failures="0" timestamp="02 Mar 2017 04:27:49 GMT" skipped="0" hostname="DESKTOP-616A99I" errors="0">
  <testcase name="loginVerifyUsingExcelData" time="4.909" classname="TestNG.ChromeLoginUsingDataDriven"/>
  <testcase name="loginVerifyUsingExcelData" time="5.732" classname="TestNG.ChromeLoginUsingDataDriven"/>
  <testcase name="loginVerifyUsingExcelData" time="4.580" classname="TestNG.ChromeLoginUsingDataDriven"/>
  <testcase name="loginVerifyUsingExcelData" time="4.152" classname="TestNG.ChromeLoginUsingDataDriven"/>
</testsuite> <!-- TestNG.ChromeLoginUsingDataDriven -->
